SF:lib/data/news.dart
DA:8,2
DA:16,2
DA:17,6
DA:19,4
DA:20,6
DA:21,8
DA:23,2
DA:27,2
DA:29,8
DA:31,4
DA:32,6
DA:33,8
DA:35,2
LF:13
LH:13
end_of_record
SF:lib/model/article.dart
DA:11,3
DA:19,2
DA:20,2
DA:21,2
DA:22,2
DA:23,2
DA:24,2
DA:25,2
DA:29,1
DA:30,2
LF:10
LH:10
end_of_record
SF:lib/bloc/news/news_bloc.dart
DA:15,3
DA:16,3
DA:17,2
DA:18,2
DA:21,1
DA:23,2
DA:25,2
DA:26,2
DA:28,2
DA:32,1
DA:34,2
DA:37,3
DA:38,2
DA:40,2
LF:14
LH:14
end_of_record
SF:lib/bloc/news/news_event.dart
DA:7,0
DA:8,0
DA:13,2
DA:14,0
DA:15,0
LF:5
LH:1
end_of_record
SF:lib/bloc/news/news_state.dart
DA:8,1
DA:9,1
DA:15,2
DA:16,1
DA:17,3
DA:21,1
DA:22,1
LF:7
LH:7
end_of_record
SF:lib/injector.dart
DA:6,3
DA:8,0
DA:9,0
DA:11,0
DA:12,0
LF:5
LH:1
end_of_record
SF:lib/repository/news.dart
DA:7,1
DA:9,1
DA:10,2
DA:13,1
DA:14,2
LF:5
LH:5
end_of_record
SF:lib/cubit/theme_state.dart
DA:8,1
DA:10,0
DA:11,0
DA:13,0
DA:14,0
DA:15,0
DA:16,0
LF:7
LH:1
end_of_record
SF:lib/cubit/theme_cubit.dart
DA:9,0
DA:10,0
DA:11,0
DA:12,0
DA:15,0
DA:16,0
DA:17,0
DA:21,0
LF:8
LH:0
end_of_record
SF:lib/screen/article_detail_page.dart
DA:7,0
DA:10,0
DA:11,0
DA:16,0
DA:18,0
DA:19,0
DA:20,0
DA:21,0
DA:22,0
DA:23,0
DA:24,0
DA:25,0
DA:32,0
DA:33,0
DA:36,0
DA:38,0
DA:39,0
DA:40,0
DA:41,0
DA:42,0
DA:46,0
DA:48,0
DA:49,0
LF:23
LH:0
end_of_record
SF:lib/screen/home_page.dart
DA:8,1
DA:13,1
DA:15,1
DA:16,1
DA:19,1
DA:20,1
DA:21,0
DA:23,0
DA:24,0
DA:26,0
DA:27,0
DA:29,0
DA:30,0
DA:34,1
DA:40,1
DA:41,1
DA:42,2
DA:43,0
DA:44,0
DA:45,0
DA:46,0
DA:47,0
DA:52,1
DA:54,1
DA:56,1
DA:58,1
DA:59,1
DA:60,1
DA:61,1
DA:62,3
DA:63,2
DA:64,1
DA:69,1
DA:70,1
DA:72,1
DA:73,1
DA:75,1
DA:76,1
DA:84,1
DA:85,1
DA:86,1
DA:87,1
DA:88,2
DA:89,2
DA:90,2
DA:91,2
DA:93,1
LF:47
LH:35
end_of_record
SF:lib/screen/widgets/article_card.dart
DA:9,1
DA:11,1
DA:13,1
DA:14,0
DA:15,0
DA:16,0
DA:18,0
DA:19,0
DA:20,0
DA:21,0
DA:22,0
DA:26,0
DA:27,0
DA:30,1
DA:32,1
DA:33,1
DA:34,3
DA:35,1
DA:36,1
DA:37,1
DA:39,2
DA:46,0
DA:52,1
DA:53,1
DA:54,1
DA:56,1
DA:57,1
DA:58,2
DA:67,1
DA:68,2
DA:72,1
DA:73,0
DA:74,0
LF:33
LH:20
end_of_record
SF:lib/theme.dart
DA:4,3
DA:10,3
DA:15,3
DA:18,1
DA:25,3
DA:28,1
LF:6
LH:6
end_of_record
